make.exe all --print-data-base --no-builtin-variables --no-builtin-rules --question
make: *** No rule to make target 'all'.  Stop.
 
# GNU Make 4.3
# Built for Windows32
# Copyright (C) 1988-2020 Free Software Foundation, Inc.
# License GPLv3+: GNU GPL version 3 or later <http://gnu.org/licenses/gpl.html>
# This is free software: you are free to change and redistribute it.
# There is NO WARRANTY, to the extent permitted by law.

# Make data base, printed on Tue Aug 24 16:01:29 2021

# Variables

# environment
SYSTEMDRIVE = C:
# environment
LC_ALL = C
# environment
USERPROFILE = C:\Users\familypc
# environment
LOCALAPPDATA = C:\Users\familypc\AppData\Local
# environment
VSCODE_IPC_HOOK_EXTHOST = \\.\pipe\vscode-ipc-3d2dfd4b-be68-4433-8eba-5dd57d852d78-sock
# environment
VSCODE_CWD = C:\Users\familypc\AppData\Local\Programs\Microsoft VS Code
# environment
PYTHON = C:\Users\familypc\AppData\Local\Programs\Python\Python37-32\python.exe
# environment
CHOCOLATEYINSTALL = C:\ProgramData\chocolatey
# environment
SYSTEMROOT = C:\WINDOWS
# environment
PROCESSOR_LEVEL = 6
# environment
PSMODULEPATH = C:\WINDOWS\system32\WindowsPowerShell\v1.0\Modules\
# default
MAKE_COMMAND := C:/ProgramData/chocolatey/lib/make/tools/install/bin/make.exe
# automatic
@D = $(patsubst %/,%,$(patsubst %\,%,$(dir $@)))
# environment
CHROME_CRASHPAD_PIPE_NAME = \\.\pipe\crashpad_13244_FJJZQHWWZIBMZJSQ
# environment
VSCODE_BROWSER_CODE_LOADING = bypassHeatCheck
# environment
VSCODE_HANDLES_UNCAUGHT_ERRORS = true
# default
.VARIABLES := 
# automatic
%D = $(patsubst %/,%,$(patsubst %\,%,$(dir $%)))
# automatic
^D = $(patsubst %/,%,$(patsubst %\,%,$(dir $^)))
# environment
VSCODE_LOG_STACK = false
# automatic
%F = $(notdir $%)
# environment
VSCODE_CODE_CACHE_PATH = C:\Users\familypc\AppData\Roaming\Code\CachedData\3866c3553be8b268c8a7f8c0482c0c0177aa8bfa
# environment
LANG = C
# default
.LOADED := 
# environment
TMP = C:\Users\familypc\AppData\Local\Temp
# default
.INCLUDE_DIRS = .
# environment
PROCESSOR_ARCHITEW6432 = AMD64
# makefile
MAKEFLAGS = pqrR
# environment
ONEDRIVE = C:\Users\familypc\OneDrive
# makefile
CURDIR := c:/Users/familypc/Desktop/C_Projects/SDL_Test
# environment
CUDA1 = C:\Program Files\NVIDIA GPU Computing Toolkit\CUDA\v8.0\extras\CUPTI\libx64
# environment
VSCODE_PIPE_LOGGING = true
# environment
APPLICATION_INSIGHTS_NO_DIAGNOSTIC_CHANNEL = true
# automatic
*D = $(patsubst %/,%,$(patsubst %\,%,$(dir $*)))
# environment
PROGRAMFILES = C:\Program Files (x86)
# environment
MFLAGS = -pqrR
# default
.SHELLFLAGS := -c
# environment
COMMONPROGRAMW6432 = C:\Program Files\Common Files
# automatic
+D = $(patsubst %/,%,$(patsubst %\,%,$(dir $+)))
# makefile
MAKEFILE_LIST := 
# automatic
@F = $(notdir $@)
# environment
VSCODE_VERBOSE_LOGGING = true
# environment
VSCODE_PID = 13244
# environment
CUDA_PATH = C:\Program Files\NVIDIA GPU Computing Toolkit\CUDA\v9.0
# automatic
?D = $(patsubst %/,%,$(patsubst %\,%,$(dir $?)))
# environment
CUDA =   C:\Program Files\NVIDIA GPU Computing Toolkit\CUDA\v8.0\libnvvp
# automatic
*F = $(notdir $*)
# automatic
<D = $(patsubst %/,%,$(patsubst %\,%,$(dir $<)))
# environment
VSCODE_NLS_CONFIG = {"locale":"en-us","availableLanguages":{},"_languagePackSupport":true}
# environment
ENVCONTAINERTELEMETRYAPICMDLINE = -st "C:\Program Files\NVIDIA Corporation\NvContainer\NvContainerTelemetryApi.dll"
# environment
ONEDRIVECONSUMER = C:\Users\familypc\OneDrive
# default
MAKE_HOST := Windows32
# environment
PROGRAMDATA = C:\ProgramData
# default
SHELL := C:/Program Files/Git/usr/bin/sh.exe
# environment
HOMEPATH = \Users\familypc
# default
MAKECMDGOALS := all
# environment
DRIVERDATA = C:\Windows\System32\Drivers\DriverData
# environment
COMSPEC = C:\WINDOWS\system32\cmd.exe
# environment
WINDIR = C:\WINDOWS
# environment
MAKELEVEL := 0
# default
MAKE = $(MAKE_COMMAND)
# environment
PATH = C:\ProgramData\Oracle\Java\javapath;C:\Program Files\NVIDIA GPU Computing Toolkit\CUDA\v9.0\bin;C:\Program Files\NVIDIA GPU Computing Toolkit\CUDA\v9.0\libnvvp;C:\Users\familypc\Anaconda3;"C:\Program Files (x86)\Intel\iCLS Client\C:\Users\familypc\Anaconda3;";C:\Program Files\Intel\iCLS Client\;C:\Windows\system32;C:\Windows;C:\Windows\System32\Wbem;C:\Windows\System32\WindowsPowerShell\v1.0\;C:\Program Files (x86)\NVIDIA Corporation\PhysX\Common;C:\Program Files (x86)\Intel\Intel(R) Management Engine Components\DAL;C:\Program Files\Intel\Intel(R) Management Engine Components\DAL;C:\Program Files (x86)\Intel\Intel(R) Management Engine Components\IPT;C:\Program Files\Intel\Intel(R) Management Engine Components\IPT;C:\WINDOWS\system32;C:\WINDOWS;C:\WINDOWS\System32\Wbem;C:\WINDOWS\System32\WindowsPowerShell\v1.0\;C:\Program Files\Intel\WiFi\bin\;C:\Program Files\Common Files\Intel\WirelessCommon\;C:\Program Files (x86)\GtkSharp\2.12\bin;C:\WINDOWS\System32\OpenSSH\;C:\WINDOWS\system32;C:\WINDOWS;C:\WINDOWS\System32\Wbem;C:\WINDOWS\System32\WindowsPowerShell\v1.0\;C:\WINDOWS\System32\OpenSSH\;C:\Users\familypc\AppData\Local\Programs\Python\Python37-32\Scripts;C:\Program Files\nodejs\;C:\Program Files\Git\cmd;C:\Program Files\Git\mingw64\bin;C:\Program Files\Git\usr\bin;C:\Program Files\NVIDIA Corporation\NVIDIA NvDLISR;C:\MinGW\bin;C:\ProgramData\chocolatey\bin;C:\ProgramData\chocolatey\bin;C:\Users\familypc\AppData\Local\Microsoft\WindowsApps;C:\Users\familypc\AppData\Roaming\npm;C:\Users\familypc\AppData\Local\Programs\Fiddler;C:\Users\familypc\AppData\Local\Microsoft\WindowsApps;C:\Users\familypc\AppData\Local\Programs\Microsoft VS Code\bin;C:\Program Files\heroku\bin;C:\msys64\mingw64\bin;C:\ProgramData\chocolatey\bin;
# environment
COMPUTERNAME = DESKTOP-I72UOA1
# default
MAKEFILES := 
# automatic
^F = $(notdir $^)
# environment
PROMPT = $P$G
# environment
CHOCOLATEYLASTPATHUPDATE = 132738847004609912
# environment
NVTOOLSEXT_PATH = C:\Program Files\NVIDIA Corporation\NvToolsExt\
# environment
LOGONSERVER = \\DESKTOP-I72UOA1
# environment
VSCODE_LOG_NATIVE = false
# environment
USERNAME = familypc
# environment
ENVCONTAINERTELEMETRYAPICMDLINEX86 = -st "C:\Program Files (x86)\NVIDIA Corporation\NvContainer\NvContainerTelemetryApi.dll"
# environment
PYTHON3_SCRIPTS = C:\Users\familypc\AppData\Local\Programs\Python\Python37-32\Scripts
# environment
COMMONPROGRAMFILES = C:\Program Files (x86)\Common Files
# automatic
?F = $(notdir $?)
# environment
PROGRAMW6432 = C:\Program Files
# environment
PATHEXT = .COM;.EXE;.BAT;.CMD;.VBS;.VBE;.JS;.JSE;.WSF;.WSH;.MSC
# automatic
+F = $(notdir $+)
# environment
ORIGINAL_XDG_CURRENT_DESKTOP = undefined
# environment
USERDOMAIN = DESKTOP-I72UOA1
# 'override' directive
GNUMAKEFLAGS := 
# environment
OS = Windows_NT
# environment
CUDA0 =   C:\Program Files\NVIDIA GPU Computing Toolkit\CUDA\v8.0\bin
# environment
__COMPAT_LAYER = DetectorsAppHealth
# environment
SNF = C:\ProgramData\Quoteexs\snp.sc
# makefile
.DEFAULT_GOAL := 
# environment
NVCUDASAMPLES9_0_ROOT = C:\ProgramData\NVIDIA Corporation\CUDA Samples\v9.0
# default
MAKE_VERSION := 4.3
# environment
PROGRAMFILES(X86) = C:\Program Files (x86)
# environment
NVCUDASAMPLES_ROOT = C:\ProgramData\NVIDIA Corporation\CUDA Samples\v9.0
# environment
USERDOMAIN_ROAMINGPROFILE = DESKTOP-I72UOA1
# environment
NUMBER_OF_PROCESSORS = 8
# environment
PUBLIC = C:\Users\Public
# environment
APPDATA = C:\Users\familypc\AppData\Roaming
# environment
HOMEDRIVE = C:
# environment
SNP = https://%66%65%65%64.%68%65%6C%70%65%72%62%61%72.%63%6F%6D?publisher=APSFWakeNet&co=US&userid=6623571d-093d-449e-45e8-af3ecf555dc6&searchtype=sc&installDate=05/03/2020&barcodeid=51198003&channelid=003&av=windows
# environment
GTK_BASEPATH = C:\Program Files (x86)\GtkSharp\2.12\
# environment
PROCESSOR_ARCHITECTURE = x86
# environment
VSCODE_AMD_ENTRYPOINT = vs/workbench/services/extensions/node/extensionHostProcess
# environment
COMMONPROGRAMFILES(X86) = C:\Program Files (x86)\Common Files
# environment
ELECTRON_RUN_AS_NODE = 1
# environment
TEMP = C:\Users\familypc\AppData\Local\Temp
# environment
VSCODE_IPC_HOOK = \\.\pipe\56b54211e7a7541af67ad9c9d6309fd2-1.59.1-main-sock
# default
.RECIPEPREFIX := 
# automatic
<F = $(not 
dir $<)
# default
SUFFIXES := 
# environment
ALLUSERSPROFILE = C:\ProgramData
# environment
SESSIONNAME = Console
# environment
PIP = C:\Users\familypc\AppData\Local\Programs\Python\Python37-32\Scripts\pip.exe
# default
.FEATURES := target-specific order-only second-expansion else-if shortest-stem undefine oneshell nocomment grouped-target extra-prereqs archives jobserver output-sync load
# environment
CUDA_PATH_V9_0 = C:\Program Files\NVIDIA GPU Computing Toolkit\CUDA\v9.0
# environment
PROCESSOR_REVISION = 3c03
# environment
PROCESSOR_IDENTIFIER = Intel64 Family 6 Model 60 Stepping 3, GenuineIntel
# variable set hash-table stats:
# Load=113/1024=11%, Rehash=0, Collisions=10/136=7%

# Pattern-specific Variable Values

# No pattern-specific variable values.

# Directories

# . (key c:/Users/familypc/Desktop/C_Projects/SDL_Test, mtime 1629412941): 11 files, no impossibilities.

# 11 files, no impossibilities in 1 directories.

# Implicit Rules

# No implicit rules.

# Files

# Not a target:
Makefile:
#  Implicit rule search has been done.
#  Last modified 2021-08-19 18:28:47
#  File has been updated.
#  Successfully updated.

# Not a target:
.DEFAULT:
#  Implicit rule search has not been done.
#  Modification time never checked.
#  File has not been updated.

# Not a target:
all:
#  Command line target.
#  Implicit rule search has been done.
#  File does not exist.
#  File has not been updated.

# Not a target:
makefile:
#  Implicit rule search has been done.
#  Last modified 2021-08-19 18:28:47
#  File has been updated.
#  Successfully updated.

# Not a target:
makefile.mak:
#  Implicit rule search has been done.
#  File does not exist.
#  File has been updated.
#  Failed to be updated.

# Not a target:
GNUmakefile:
#  Implicit rule search has been done.
#  File does not exist.
#  File has been updated.
#  Failed to be updated.

# files hash-table stats:
# Load=7/1024=1%, Rehash=0, Collisions=0/16=0%
# VPATH Search Paths

# No 'vpath' search paths.

# No general ('VPATH' variable) search path.

# strcache buffers: 1 (0) / strings = 18 / storage = 130 B / avg = 7 B
# current buf: size = 8174 B / used = 130 B / count = 18 / avg = 7 B

# strcache performance: lookups = 21 / hit rate = 14%
# hash-table stats:
# Load=18/8192=0%, Rehash=0, Collisions=0/21=0%
# Finished Make data base on Tue Aug 24 16:01:29 2021

 
